<?xml version="1.0" encoding="utf-8"?><testsuites name="pytest tests"><testsuite name="pytest" errors="0" failures="0" skipped="0" tests="17" time="11.750" timestamp="2026-05-12T08:16:51.140893+00:00" hostname="agent-env-79ba3dad-e3ab-4ed0-8e28-7ea9c9782ee9"><testcase classname="backend.tests.test_worklog_api" name="test_login_and_me" time="1.352" /><testcase classname="backend.tests.test_worklog_api" name="test_login_invalid" time="0.125" /><testcase classname="backend.tests.test_worklog_api" name="test_duplicate_register" time="0.101" /><testcase classname="backend.tests.test_worklog_api" name="test_create_team_and_users" time="1.212" /><testcase classname="backend.tests.test_worklog_api" name="test_hr_cannot_create_super_admin" time="0.456" /><testcase classname="backend.tests.test_worklog_api" name="test_employee_cannot_set_critical_and_priority_flow" time="0.785" /><testcase classname="backend.tests.test_worklog_api" name="test_supervisor_escalate_to_critical_conflict_alert" time="1.194" /><testcase classname="backend.tests.test_worklog_api" name="test_sacrifice_deprioritises" time="0.472" /><testcase classname="backend.tests.test_worklog_api" name="test_acknowledge" time="0.208" /><testcase classname="backend.tests.test_worklog_api" name="test_archive_reason_required" time="0.312" /><testcase classname="backend.tests.test_worklog_api" name="test_recurring_spawn" time="0.316" /><testcase classname="backend.tests.test_worklog_api" name="test_multi_tenant_isolation" time="0.214" /><testcase classname="backend.tests.test_worklog_api" name="test_daily_update_ai" time="3.422" /><testcase classname="backend.tests.test_worklog_api" name="test_leave_flow" time="0.759" /><testcase classname="backend.tests.test_worklog_api" name="test_notifications_mark_read" time="0.312" /><testcase classname="backend.tests.test_worklog_api" name="test_audit_scope_employee" time="0.219" /><testcase classname="backend.tests.test_worklog_api" name="test_dashboard_summary_and_leaderboard" time="0.224" /></testsuite></testsuites>